c:\users\eimis\onedrive\desktop\repeat\orderedarray\x64\debug\vc143.pdb
c:\users\eimis\onedrive\desktop\repeat\orderedarray\x64\debug\vc143.idb
c:\users\eimis\onedrive\desktop\repeat\orderedarray\x64\debug\orderedarray.obj
c:\users\eimis\onedrive\desktop\repeat\orderedarray\x64\debug\csvfiles.obj
c:\users\eimis\onedrive\desktop\repeat\orderedarray\x64\debug\myset.obj
c:\users\eimis\onedrive\desktop\repeat\ads_2023_rpt_eimantastercijonas\orderedarray\x64\debug\vc143.pdb
c:\users\eimis\onedrive\desktop\repeat\ads_2023_rpt_eimantastercijonas\orderedarray\x64\debug\vc143.idb
c:\users\eimis\onedrive\desktop\repeat\ads_2023_rpt_eimantastercijonas\orderedarray\x64\debug\myset.obj
c:\users\eimis\onedrive\desktop\repeat\ads_2023_rpt_eimantastercijonas\orderedarray\x64\debug\orderedarray.obj
c:\users\eimis\onedrive\desktop\repeat\ads_2023_rpt_eimantastercijonas\orderedarray\x64\debug\csvfiles.obj
c:\users\eimis\onedrive\desktop\repeat\ads_2023_rpt_eimantastercijonas\orderedarray\x64\debug\orderedarray.pdb
c:\users\eimis\onedrive\desktop\repeat\ads_2023_rpt_eimantastercijonas\orderedarray\x64\debug\orderedarray.tlog\cl.command.1.tlog
c:\users\eimis\onedrive\desktop\repeat\ads_2023_rpt_eimantastercijonas\orderedarray\x64\debug\orderedarray.tlog\cl.read.1.tlog
c:\users\eimis\onedrive\desktop\repeat\ads_2023_rpt_eimantastercijonas\orderedarray\x64\debug\orderedarray.tlog\cl.write.1.tlog
c:\users\eimis\onedrive\desktop\repeat\ads_2023_rpt_eimantastercijonas\orderedarray\x64\debug\orderedarray.tlog\link-cvtres.read.1.tlog
c:\users\eimis\onedrive\desktop\repeat\ads_2023_rpt_eimantastercijonas\orderedarray\x64\debug\orderedarray.tlog\link-cvtres.write.1.tlog
c:\users\eimis\onedrive\desktop\repeat\ads_2023_rpt_eimantastercijonas\orderedarray\x64\debug\orderedarray.tlog\link-rc.read.1.tlog
c:\users\eimis\onedrive\desktop\repeat\ads_2023_rpt_eimantastercijonas\orderedarray\x64\debug\orderedarray.tlog\link-rc.write.1.tlog
c:\users\eimis\onedrive\desktop\repeat\ads_2023_rpt_eimantastercijonas\orderedarray\x64\debug\orderedarray.tlog\link.command.1.tlog
c:\users\eimis\onedrive\desktop\repeat\ads_2023_rpt_eimantastercijonas\orderedarray\x64\debug\orderedarray.tlog\link.read.1.tlog
c:\users\eimis\onedrive\desktop\repeat\ads_2023_rpt_eimantastercijonas\orderedarray\x64\debug\orderedarray.tlog\link.read.2.tlog
c:\users\eimis\onedrive\desktop\repeat\ads_2023_rpt_eimantastercijonas\orderedarray\x64\debug\orderedarray.tlog\link.read.3.tlog
c:\users\eimis\onedrive\desktop\repeat\ads_2023_rpt_eimantastercijonas\orderedarray\x64\debug\orderedarray.tlog\link.read.4.tlog
c:\users\eimis\onedrive\desktop\repeat\ads_2023_rpt_eimantastercijonas\orderedarray\x64\debug\orderedarray.tlog\link.write.1.tlog
